ERROR:root:(1 points) Checking Is the weight plot correct'?
ERROR:root:... Expecting: False
ERROR:root:... But got:   n
INFO:root:(1 points) Is the identity line plotted? is y
INFO:root:(1 points) Is the identity line red? is y
ERROR:root:(1 points) Checking Is the housing plot correct?
ERROR:root:... Expecting: False
ERROR:root:... But got:   n
INFO:root:(1 points) Are the axes labeled? is y
INFO:root:(1 points) Is the plot colored correctly? is y
ERROR:root:(1 points) Checking Does the plot contain a legend?
ERROR:root:... Expecting: False
ERROR:root:... But got:   n
INFO:root:Executed R('load(\'../../instructor/assignments/hw2/hw2-tests.rda\')')
INFO:root:(1 points) R('all.equal(OW_NHANES, sol$OW_NHANES)')[0] is True
INFO:root:(1 points) R('all.equal(OWval, sol$OWval)')[0] is True
INFO:root:(1 points) R('all.equal(OW_limit, sol$OW_limit)')[0] is True
INFO:root:(1 points) R('all.equal(OW_NHANES2, sol$OW_NHANES2)')[0] is True
INFO:root:(1 points) R('all.equal(OW_weight, sol$OW_weight)')[0] is True
INFO:root:(1 points) R('all.equal(n.cities, sol$n.cities)')[0] is True
INFO:root:(1 points) R('all.equal(n.housesale, sol$n.housesale)')[0] is True
INFO:root:(1 points) R('all.equal(all.housing.variable, sol$all.housing.variables)')[0] is True
ERROR:root:(1 points) Checking R('all.equal(all.housing.variable, sol$all.housing.variables.obj)')[0]
ERROR:root:... Expecting: True
ERROR:root:... But got:   15 string mismatches
ERROR:root:(1 points) Checking R('all.equal(local.cities, sol$local.cities)')[0]
ERROR:root:... Expecting: True
ERROR:root:... But got:   4 string mismatches
INFO:root:(1 points) R('all.equal(some.housing.variables, sol$some.housing.variables)')[0] is True
INFO:root:(1 points) R('all.equal(BerkArea$pricePsqft, sol$BerkArea.pps)')[0] is True
INFO:root:(1 points) R('all.equal(dim(BerkArea), dim(sol$BerkArea))')[0] is True
INFO:root:(1 points) R('all.equal(br5, sol$br5)')[0] is True
ERROR:root:(1 points) Checking R('all.equal(rCols, sol$rCols)')[0]
ERROR:root:... Expecting: True
ERROR:root:... But got:   5 string mismatches
ERROR:root:(1 points) Checking R('all.equal(brCols, sol$brCols)')[0]
ERROR:root:... Expecting: True
ERROR:root:... But got:   3992 string mismatches
INFO:root:You got a 16 out of 22.
